[Script start]
2018年 3月16日 金曜日 16時57分54秒 JST
README.md
access_log
access_log.404
access_log.lst
archive.tar.gz
arp.sh
autoftp.sh
charset-utf8.sh
checkport.sh
cp-p.sh
csv-avg.sh
csv-graph.sh
csv-list.sh
csv-select.sh
data.avg
data.csv
data.txt
delline.sh
detename.sh
dirA
dirB
dotfile.sh
du-sub.sh
echo-redirect.sh
env.lst
env.sh
exec.sh
fail-port.log
find-comm.sh
find-del.sh
find-mtime.sh
gwping-bsd.sh
gwping-linux.sh
gzip.sh
hash.txt
here-indent.sh
hostip.sh
htmltitle.sh
id.list
info.log
ipmatch.sh
lastmonth.sh
leapyear.sh
log-accessfile.sh
log-colun.sh
log-select.sh
log2.log
memo.md
monthday.sh
newdir
num-hyphen.sh
number-hyphen.txt
oldel.sh
os-command.sh
output
output.log
passzip.sh
paste.sh
ping.8267
pingavg.sh
port-httpd.sh
printf.sh
rename.sh
report.txt
revsort.sh
rsync.sh
script.sh
sed-slach.sh
sed-symlink.sh
shebang.sh
sig-exit.sh
sig-hup.sh
sig-usr1.sh
ssh-fail.sh
start.sh
string.sh
tar-add.sh
tar-exclude.sh
tar-ssh.sh
temfile1.lst
temfile2.lst
test.cgi
time-scp.sh
tmp.html
tmp.txt.bz2
tmp001
tmp001.html.20180221
tmp001.html.201802211624.52
tmp001.html.xz
tmp002
tmp002.txt
tmp002.txt.bak
tmp002.txtのエイリアス
tmp003.txt
tmppid.sh
transfer-sec.sh
txt2html.sh
xargs-grep.sh
[Script end
